
*** Running vivado
    with args -log nexys_CYBERcobra_dz.vds -m64 -product Vivado -mode batch -messageDb vivado.pb -notrace -source nexys_CYBERcobra_dz.tcl


****** Vivado v2019.2 (64-bit)
  **** SW Build 2708876 on Wed Nov  6 21:40:23 MST 2019
  **** IP Build 2700528 on Thu Nov  7 00:09:20 MST 2019
    ** Copyright 1986-2019 Xilinx, Inc. All Rights Reserved.

source nexys_CYBERcobra_dz.tcl -notrace
Command: synth_design -top nexys_CYBERcobra_dz -part xc7a100tcsg324-1
Starting synth_design
Attempting to get a license for feature 'Synthesis' and/or device 'xc7a100t'
INFO: [Common 17-349] Got license for feature 'Synthesis' and/or device 'xc7a100t'
INFO: [Device 21-403] Loading part xc7a100tcsg324-1
INFO: Launching helper process for spawning children vivado processes
INFO: Helper process launched with PID 6416 
WARNING: [Synth 8-992] btn is already implicitly declared earlier [C:/Users/8211600/Desktop/APS/RISC-V_SNA/trunk/src/sv/nexys_cybercobra.sv:24]
WARNING: [Synth 8-992] out is already implicitly declared earlier [C:/Users/8211600/Desktop/APS/RISC-V_SNA/trunk/src/sv/nexys_cybercobra.sv:25]
---------------------------------------------------------------------------------
Starting RTL Elaboration : Time (s): cpu = 00:00:04 ; elapsed = 00:00:04 . Memory (MB): peak = 830.176 ; gain = 239.246
---------------------------------------------------------------------------------
INFO: [Synth 8-6157] synthesizing module 'nexys_CYBERcobra_dz' [C:/Users/8211600/Desktop/APS/RISC-V_SNA/trunk/src/sv/nexys_cybercobra.sv:3]
	Parameter pwm bound to: 1000 - type: integer 
INFO: [Synth 8-6157] synthesizing module 'CYBERcobra' [C:/Users/8211600/Desktop/APS/RISC-V_SNA/trunk/src/sv/CYBERcobra.sv:1]
INFO: [Synth 8-6157] synthesizing module 'PC' [C:/Users/8211600/Desktop/APS/RISC-V_SNA/trunk/src/sv/PC.sv:1]
INFO: [Synth 8-6155] done synthesizing module 'PC' (1#1) [C:/Users/8211600/Desktop/APS/RISC-V_SNA/trunk/src/sv/PC.sv:1]
INFO: [Synth 8-6157] synthesizing module 'fulladder32' [C:/Users/8211600/Desktop/APS/RISC-V_SNA/trunk/src/sv/fulladder32.sv:3]
	Parameter width bound to: 32 - type: integer 
INFO: [Synth 8-6157] synthesizing module 'fulladder' [C:/Users/8211600/Desktop/APS/RISC-V_SNA/trunk/src/sv/fulladder.sv:3]
INFO: [Synth 8-6155] done synthesizing module 'fulladder' (2#1) [C:/Users/8211600/Desktop/APS/RISC-V_SNA/trunk/src/sv/fulladder.sv:3]
INFO: [Synth 8-6155] done synthesizing module 'fulladder32' (3#1) [C:/Users/8211600/Desktop/APS/RISC-V_SNA/trunk/src/sv/fulladder32.sv:3]
WARNING: [Synth 8-7023] instance 'fulladder32_instance' of module 'fulladder32' has 5 connections declared, but only 4 given [C:/Users/8211600/Desktop/APS/RISC-V_SNA/trunk/src/sv/CYBERcobra.sv:57]
INFO: [Synth 8-6157] synthesizing module 'instr_mem' [C:/Users/8211600/Desktop/APS/RISC-V_SNA/trunk/src/sv/instr_mem.sv:1]
INFO: [Synth 8-3876] $readmem data file 'program.txt' is read successfully [C:/Users/8211600/Desktop/APS/RISC-V_SNA/trunk/src/sv/instr_mem.sv:6]
INFO: [Synth 8-6155] done synthesizing module 'instr_mem' (4#1) [C:/Users/8211600/Desktop/APS/RISC-V_SNA/trunk/src/sv/instr_mem.sv:1]
INFO: [Synth 8-6157] synthesizing module 'rf_riscv' [C:/Users/8211600/Desktop/APS/RISC-V_SNA/trunk/src/sv/rf_riscv.sv:2]
INFO: [Synth 8-6155] done synthesizing module 'rf_riscv' (5#1) [C:/Users/8211600/Desktop/APS/RISC-V_SNA/trunk/src/sv/rf_riscv.sv:2]
INFO: [Synth 8-6157] synthesizing module 'alu_riscv' [C:/Users/8211600/Desktop/APS/RISC-V_SNA/trunk/src/sv/alu_riscv.sv:4]
INFO: [Synth 8-6157] synthesizing module 'fulladder_usk' [C:/Users/8211600/Desktop/APS/RISC-V_SNA/trunk/src/sv/fulladder_usk.sv:1]
INFO: [Synth 8-6157] synthesizing module 'fulladder4' [C:/Users/8211600/Desktop/APS/RISC-V_SNA/trunk/src/sv/fulladder4.sv:1]
WARNING: [Synth 8-689] width (4) of port connection 'carry_i' does not match port width (1) of module 'fulladder' [C:/Users/8211600/Desktop/APS/RISC-V_SNA/trunk/src/sv/fulladder4.sv:17]
WARNING: [Synth 8-689] width (4) of port connection 'carry_o' does not match port width (1) of module 'fulladder' [C:/Users/8211600/Desktop/APS/RISC-V_SNA/trunk/src/sv/fulladder4.sv:19]
WARNING: [Synth 8-689] width (4) of port connection 'carry_i' does not match port width (1) of module 'fulladder' [C:/Users/8211600/Desktop/APS/RISC-V_SNA/trunk/src/sv/fulladder4.sv:17]
WARNING: [Synth 8-689] width (4) of port connection 'carry_o' does not match port width (1) of module 'fulladder' [C:/Users/8211600/Desktop/APS/RISC-V_SNA/trunk/src/sv/fulladder4.sv:19]
WARNING: [Synth 8-689] width (4) of port connection 'carry_i' does not match port width (1) of module 'fulladder' [C:/Users/8211600/Desktop/APS/RISC-V_SNA/trunk/src/sv/fulladder4.sv:17]
WARNING: [Synth 8-689] width (4) of port connection 'carry_o' does not match port width (1) of module 'fulladder' [C:/Users/8211600/Desktop/APS/RISC-V_SNA/trunk/src/sv/fulladder4.sv:19]
WARNING: [Synth 8-689] width (4) of port connection 'carry_i' does not match port width (1) of module 'fulladder' [C:/Users/8211600/Desktop/APS/RISC-V_SNA/trunk/src/sv/fulladder4.sv:17]
WARNING: [Synth 8-689] width (4) of port connection 'carry_o' does not match port width (1) of module 'fulladder' [C:/Users/8211600/Desktop/APS/RISC-V_SNA/trunk/src/sv/fulladder4.sv:19]
INFO: [Synth 8-6155] done synthesizing module 'fulladder4' (6#1) [C:/Users/8211600/Desktop/APS/RISC-V_SNA/trunk/src/sv/fulladder4.sv:1]
INFO: [Synth 8-6155] done synthesizing module 'fulladder_usk' (7#1) [C:/Users/8211600/Desktop/APS/RISC-V_SNA/trunk/src/sv/fulladder_usk.sv:1]
WARNING: [Synth 8-7023] instance 'ALU_ADD1' of module 'fulladder_usk' has 5 connections declared, but only 4 given [C:/Users/8211600/Desktop/APS/RISC-V_SNA/trunk/src/sv/alu_riscv.sv:13]
INFO: [Synth 8-6155] done synthesizing module 'alu_riscv' (8#1) [C:/Users/8211600/Desktop/APS/RISC-V_SNA/trunk/src/sv/alu_riscv.sv:4]
INFO: [Synth 8-6155] done synthesizing module 'CYBERcobra' (9#1) [C:/Users/8211600/Desktop/APS/RISC-V_SNA/trunk/src/sv/CYBERcobra.sv:1]
INFO: [Synth 8-155] case statement is not full and has no default [C:/Users/8211600/Desktop/APS/RISC-V_SNA/trunk/src/sv/nexys_cybercobra.sv:52]
INFO: [Synth 8-226] default block is never used [C:/Users/8211600/Desktop/APS/RISC-V_SNA/trunk/src/sv/nexys_cybercobra.sv:62]
INFO: [Synth 8-6155] done synthesizing module 'nexys_CYBERcobra_dz' (10#1) [C:/Users/8211600/Desktop/APS/RISC-V_SNA/trunk/src/sv/nexys_cybercobra.sv:3]
---------------------------------------------------------------------------------
Finished RTL Elaboration : Time (s): cpu = 00:00:05 ; elapsed = 00:00:05 . Memory (MB): peak = 877.324 ; gain = 286.395
---------------------------------------------------------------------------------

Report Check Netlist: 
+------+------------------+-------+---------+-------+------------------+
|      |Item              |Errors |Warnings |Status |Description       |
+------+------------------+-------+---------+-------+------------------+
|1     |multi_driven_nets |      0|        0|Passed |Multi driven nets |
+------+------------------+-------+---------+-------+------------------+
---------------------------------------------------------------------------------
Start Handling Custom Attributes
---------------------------------------------------------------------------------
---------------------------------------------------------------------------------
Finished Handling Custom Attributes : Time (s): cpu = 00:00:05 ; elapsed = 00:00:05 . Memory (MB): peak = 877.324 ; gain = 286.395
---------------------------------------------------------------------------------
---------------------------------------------------------------------------------
Finished RTL Optimization Phase 1 : Time (s): cpu = 00:00:05 ; elapsed = 00:00:05 . Memory (MB): peak = 877.324 ; gain = 286.395
---------------------------------------------------------------------------------
Netlist sorting complete. Time (s): cpu = 00:00:00 ; elapsed = 00:00:00.015 . Memory (MB): peak = 877.324 ; gain = 0.000
INFO: [Project 1-570] Preparing netlist for logic optimization

Processing XDC Constraints
Initializing timing engine
Parsing XDC File [C:/Users/8211600/Desktop/APS/RISC-V_SNA/trunk/src/constr/nexys_a7_100t.xdc]
WARNING: [Vivado 12-584] No ports matched 'LED[0]'. [C:/Users/8211600/Desktop/APS/RISC-V_SNA/trunk/src/constr/nexys_a7_100t.xdc:30]
CRITICAL WARNING: [Common 17-55] 'set_property' expects at least one object. [C:/Users/8211600/Desktop/APS/RISC-V_SNA/trunk/src/constr/nexys_a7_100t.xdc:30]
Resolution: If [get_<value>] was used to populate the object, check to make sure this command returns at least one valid object.
WARNING: [Vivado 12-584] No ports matched 'LED[1]'. [C:/Users/8211600/Desktop/APS/RISC-V_SNA/trunk/src/constr/nexys_a7_100t.xdc:31]
CRITICAL WARNING: [Common 17-55] 'set_property' expects at least one object. [C:/Users/8211600/Desktop/APS/RISC-V_SNA/trunk/src/constr/nexys_a7_100t.xdc:31]
Resolution: If [get_<value>] was used to populate the object, check to make sure this command returns at least one valid object.
WARNING: [Vivado 12-584] No ports matched 'LED[2]'. [C:/Users/8211600/Desktop/APS/RISC-V_SNA/trunk/src/constr/nexys_a7_100t.xdc:32]
CRITICAL WARNING: [Common 17-55] 'set_property' expects at least one object. [C:/Users/8211600/Desktop/APS/RISC-V_SNA/trunk/src/constr/nexys_a7_100t.xdc:32]
Resolution: If [get_<value>] was used to populate the object, check to make sure this command returns at least one valid object.
WARNING: [Vivado 12-584] No ports matched 'LED[3]'. [C:/Users/8211600/Desktop/APS/RISC-V_SNA/trunk/src/constr/nexys_a7_100t.xdc:33]
CRITICAL WARNING: [Common 17-55] 'set_property' expects at least one object. [C:/Users/8211600/Desktop/APS/RISC-V_SNA/trunk/src/constr/nexys_a7_100t.xdc:33]
Resolution: If [get_<value>] was used to populate the object, check to make sure this command returns at least one valid object.
WARNING: [Vivado 12-584] No ports matched 'LED[4]'. [C:/Users/8211600/Desktop/APS/RISC-V_SNA/trunk/src/constr/nexys_a7_100t.xdc:34]
CRITICAL WARNING: [Common 17-55] 'set_property' expects at least one object. [C:/Users/8211600/Desktop/APS/RISC-V_SNA/trunk/src/constr/nexys_a7_100t.xdc:34]
Resolution: If [get_<value>] was used to populate the object, check to make sure this command returns at least one valid object.
WARNING: [Vivado 12-584] No ports matched 'LED[5]'. [C:/Users/8211600/Desktop/APS/RISC-V_SNA/trunk/src/constr/nexys_a7_100t.xdc:35]
CRITICAL WARNING: [Common 17-55] 'set_property' expects at least one object. [C:/Users/8211600/Desktop/APS/RISC-V_SNA/trunk/src/constr/nexys_a7_100t.xdc:35]
Resolution: If [get_<value>] was used to populate the object, check to make sure this command returns at least one valid object.
WARNING: [Vivado 12-584] No ports matched 'LED[6]'. [C:/Users/8211600/Desktop/APS/RISC-V_SNA/trunk/src/constr/nexys_a7_100t.xdc:36]
CRITICAL WARNING: [Common 17-55] 'set_property' expects at least one object. [C:/Users/8211600/Desktop/APS/RISC-V_SNA/trunk/src/constr/nexys_a7_100t.xdc:36]
Resolution: If [get_<value>] was used to populate the object, check to make sure this command returns at least one valid object.
WARNING: [Vivado 12-584] No ports matched 'LED[7]'. [C:/Users/8211600/Desktop/APS/RISC-V_SNA/trunk/src/constr/nexys_a7_100t.xdc:37]
CRITICAL WARNING: [Common 17-55] 'set_property' expects at least one object. [C:/Users/8211600/Desktop/APS/RISC-V_SNA/trunk/src/constr/nexys_a7_100t.xdc:37]
Resolution: If [get_<value>] was used to populate the object, check to make sure this command returns at least one valid object.
WARNING: [Vivado 12-584] No ports matched 'LED[8]'. [C:/Users/8211600/Desktop/APS/RISC-V_SNA/trunk/src/constr/nexys_a7_100t.xdc:38]
CRITICAL WARNING: [Common 17-55] 'set_property' expects at least one object. [C:/Users/8211600/Desktop/APS/RISC-V_SNA/trunk/src/constr/nexys_a7_100t.xdc:38]
Resolution: If [get_<value>] was used to populate the object, check to make sure this command returns at least one valid object.
WARNING: [Vivado 12-584] No ports matched 'LED[9]'. [C:/Users/8211600/Desktop/APS/RISC-V_SNA/trunk/src/constr/nexys_a7_100t.xdc:39]
CRITICAL WARNING: [Common 17-55] 'set_property' expects at least one object. [C:/Users/8211600/Desktop/APS/RISC-V_SNA/trunk/src/constr/nexys_a7_100t.xdc:39]
Resolution: If [get_<value>] was used to populate the object, check to make sure this command returns at least one valid object.
WARNING: [Vivado 12-584] No ports matched 'LED[10]'. [C:/Users/8211600/Desktop/APS/RISC-V_SNA/trunk/src/constr/nexys_a7_100t.xdc:40]
CRITICAL WARNING: [Common 17-55] 'set_property' expects at least one object. [C:/Users/8211600/Desktop/APS/RISC-V_SNA/trunk/src/constr/nexys_a7_100t.xdc:40]
Resolution: If [get_<value>] was used to populate the object, check to make sure this command returns at least one valid object.
WARNING: [Vivado 12-584] No ports matched 'LED[11]'. [C:/Users/8211600/Desktop/APS/RISC-V_SNA/trunk/src/constr/nexys_a7_100t.xdc:41]
CRITICAL WARNING: [Common 17-55] 'set_property' expects at least one object. [C:/Users/8211600/Desktop/APS/RISC-V_SNA/trunk/src/constr/nexys_a7_100t.xdc:41]
Resolution: If [get_<value>] was used to populate the object, check to make sure this command returns at least one valid object.
WARNING: [Vivado 12-584] No ports matched 'LED[12]'. [C:/Users/8211600/Desktop/APS/RISC-V_SNA/trunk/src/constr/nexys_a7_100t.xdc:42]
CRITICAL WARNING: [Common 17-55] 'set_property' expects at least one object. [C:/Users/8211600/Desktop/APS/RISC-V_SNA/trunk/src/constr/nexys_a7_100t.xdc:42]
Resolution: If [get_<value>] was used to populate the object, check to make sure this command returns at least one valid object.
WARNING: [Vivado 12-584] No ports matched 'LED[13]'. [C:/Users/8211600/Desktop/APS/RISC-V_SNA/trunk/src/constr/nexys_a7_100t.xdc:43]
CRITICAL WARNING: [Common 17-55] 'set_property' expects at least one object. [C:/Users/8211600/Desktop/APS/RISC-V_SNA/trunk/src/constr/nexys_a7_100t.xdc:43]
Resolution: If [get_<value>] was used to populate the object, check to make sure this command returns at least one valid object.
WARNING: [Vivado 12-584] No ports matched 'LED[14]'. [C:/Users/8211600/Desktop/APS/RISC-V_SNA/trunk/src/constr/nexys_a7_100t.xdc:44]
CRITICAL WARNING: [Common 17-55] 'set_property' expects at least one object. [C:/Users/8211600/Desktop/APS/RISC-V_SNA/trunk/src/constr/nexys_a7_100t.xdc:44]
Resolution: If [get_<value>] was used to populate the object, check to make sure this command returns at least one valid object.
WARNING: [Vivado 12-584] No ports matched 'LED[15]'. [C:/Users/8211600/Desktop/APS/RISC-V_SNA/trunk/src/constr/nexys_a7_100t.xdc:45]
CRITICAL WARNING: [Common 17-55] 'set_property' expects at least one object. [C:/Users/8211600/Desktop/APS/RISC-V_SNA/trunk/src/constr/nexys_a7_100t.xdc:45]
Resolution: If [get_<value>] was used to populate the object, check to make sure this command returns at least one valid object.
WARNING: [Vivado 12-584] No ports matched 'DP'. [C:/Users/8211600/Desktop/APS/RISC-V_SNA/trunk/src/constr/nexys_a7_100t.xdc:63]
CRITICAL WARNING: [Common 17-55] 'set_property' expects at least one object. [C:/Users/8211600/Desktop/APS/RISC-V_SNA/trunk/src/constr/nexys_a7_100t.xdc:63]
Resolution: If [get_<value>] was used to populate the object, check to make sure this command returns at least one valid object.
Finished Parsing XDC File [C:/Users/8211600/Desktop/APS/RISC-V_SNA/trunk/src/constr/nexys_a7_100t.xdc]
INFO: [Project 1-236] Implementation specific constraints were found while reading constraint file [C:/Users/8211600/Desktop/APS/RISC-V_SNA/trunk/src/constr/nexys_a7_100t.xdc]. These constraints will be ignored for synthesis but will be used in implementation. Impacted constraints are listed in the file [.Xil/nexys_CYBERcobra_dz_propImpl.xdc].
Resolution: To avoid this warning, move constraints listed in [.Xil/nexys_CYBERcobra_dz_propImpl.xdc] to another XDC file and exclude this new file from synthesis with the used_in_synthesis property (File Properties dialog in GUI) and re-run elaboration/synthesis.
Completed Processing XDC Constraints

Netlist sorting complete. Time (s): cpu = 00:00:00 ; elapsed = 00:00:00.001 . Memory (MB): peak = 992.367 ; gain = 0.000
INFO: [Project 1-111] Unisim Transformation Summary:
No Unisim elements were transformed.

Constraint Validation Runtime : Time (s): cpu = 00:00:00 ; elapsed = 00:00:00.004 . Memory (MB): peak = 992.367 ; gain = 0.000
---------------------------------------------------------------------------------
Finished Constraint Validation : Time (s): cpu = 00:00:11 ; elapsed = 00:00:12 . Memory (MB): peak = 992.367 ; gain = 401.438
---------------------------------------------------------------------------------
---------------------------------------------------------------------------------
Start Loading Part and Timing Information
---------------------------------------------------------------------------------
Loading part: xc7a100tcsg324-1
---------------------------------------------------------------------------------
Finished Loading Part and Timing Information : Time (s): cpu = 00:00:11 ; elapsed = 00:00:12 . Memory (MB): peak = 992.367 ; gain = 401.438
---------------------------------------------------------------------------------
---------------------------------------------------------------------------------
Start Applying 'set_property' XDC Constraints
---------------------------------------------------------------------------------
---------------------------------------------------------------------------------
Finished applying 'set_property' XDC Constraints : Time (s): cpu = 00:00:11 ; elapsed = 00:00:12 . Memory (MB): peak = 992.367 ; gain = 401.438
---------------------------------------------------------------------------------
INFO: [Synth 8-5544] ROM "RAM" won't be mapped to Block RAM because address size (3) smaller than threshold (5)
---------------------------------------------------------------------------------
Finished RTL Optimization Phase 2 : Time (s): cpu = 00:00:12 ; elapsed = 00:00:12 . Memory (MB): peak = 992.367 ; gain = 401.438
---------------------------------------------------------------------------------

Report RTL Partitions: 
+-+--------------+------------+----------+
| |RTL Partition |Replication |Instances |
+-+--------------+------------+----------+
+-+--------------+------------+----------+
---------------------------------------------------------------------------------
Start RTL Component Statistics 
---------------------------------------------------------------------------------
Detailed RTL Component Info : 
+---Adders : 
	   2 Input     32 Bit       Adders := 1     
	   3 Input     32 Bit       Adders := 1     
	   2 Input     10 Bit       Adders := 1     
+---XORs : 
	   2 Input     32 Bit         XORs := 1     
	   3 Input      1 Bit         XORs := 64    
+---Registers : 
	               32 Bit    Registers := 1     
	               10 Bit    Registers := 1     
	                8 Bit    Registers := 1     
	                4 Bit    Registers := 1     
	                1 Bit    Registers := 8     
+---Muxes : 
	   9 Input     32 Bit        Muxes := 1     
	   2 Input     32 Bit        Muxes := 5     
	   4 Input     32 Bit        Muxes := 1     
	   2 Input      1 Bit        Muxes := 2     
	   9 Input      1 Bit        Muxes := 1     
	  16 Input      1 Bit        Muxes := 7     
---------------------------------------------------------------------------------
Finished RTL Component Statistics 
---------------------------------------------------------------------------------
---------------------------------------------------------------------------------
Start RTL Hierarchical Component Statistics 
---------------------------------------------------------------------------------
Hierarchical RTL Component report 
Module nexys_CYBERcobra_dz 
Detailed RTL Component Info : 
+---Adders : 
	   2 Input     10 Bit       Adders := 1     
+---Registers : 
	               10 Bit    Registers := 1     
	                8 Bit    Registers := 1     
	                4 Bit    Registers := 1     
	                1 Bit    Registers := 8     
+---Muxes : 
	   2 Input      1 Bit        Muxes := 1     
	   9 Input      1 Bit        Muxes := 1     
	  16 Input      1 Bit        Muxes := 7     
Module PC 
Detailed RTL Component Info : 
+---Registers : 
	               32 Bit    Registers := 1     
Module fulladder 
Detailed RTL Component Info : 
+---XORs : 
	   3 Input      1 Bit         XORs := 1     
Module instr_mem 
Detailed RTL Component Info : 
+---Muxes : 
	   9 Input     32 Bit        Muxes := 1     
	   2 Input     32 Bit        Muxes := 1     
Module rf_riscv 
Detailed RTL Component Info : 
+---Muxes : 
	   2 Input     32 Bit        Muxes := 2     
Module alu_riscv 
Detailed RTL Component Info : 
+---Adders : 
	   2 Input     32 Bit       Adders := 1     
	   3 Input     32 Bit       Adders := 1     
+---XORs : 
	   2 Input     32 Bit         XORs := 1     
+---Muxes : 
	   2 Input     32 Bit        Muxes := 1     
	   2 Input      1 Bit        Muxes := 1     
Module CYBERcobra 
Detailed RTL Component Info : 
+---Muxes : 
	   4 Input     32 Bit        Muxes := 1     
	   2 Input     32 Bit        Muxes := 1     
---------------------------------------------------------------------------------
Finished RTL Hierarchical Component Statistics
---------------------------------------------------------------------------------
---------------------------------------------------------------------------------
Start Part Resource Summary
---------------------------------------------------------------------------------
Part Resources:
DSPs: 240 (col length:80)
BRAMs: 270 (col length: RAMB18 80 RAMB36 40)
---------------------------------------------------------------------------------
Finished Part Resource Summary
---------------------------------------------------------------------------------
---------------------------------------------------------------------------------
Start Cross Boundary and Area Optimization
---------------------------------------------------------------------------------
Warning: Parallel synthesis criteria is not met 
INFO: [Synth 8-3333] propagating constant 0 across sequential element (\dut/PC_instance/addr_reg[0] )
INFO: [Synth 8-3333] propagating constant 0 across sequential element (\dut/PC_instance/addr_reg[1] )
---------------------------------------------------------------------------------
Finished Cross Boundary and Area Optimization : Time (s): cpu = 00:00:18 ; elapsed = 00:00:18 . Memory (MB): peak = 992.367 ; gain = 401.438
---------------------------------------------------------------------------------
---------------------------------------------------------------------------------
Start ROM, RAM, DSP and Shift Register Reporting
---------------------------------------------------------------------------------

Distributed RAM: Preliminary Mapping	Report (see note below)
+--------------------+----------------------------------+-----------+----------------------+--------------+
|Module Name         | RTL Object                       | Inference | Size (Depth x Width) | Primitives   | 
+--------------------+----------------------------------+-----------+----------------------+--------------+
|nexys_CYBERcobra_dz | dut/rf_riscv_instance/rf_mem_reg | Implied   | 32 x 32              | RAM32M x 12	 | 
+--------------------+----------------------------------+-----------+----------------------+--------------+

Note: The table above is a preliminary report that shows the Distributed RAMs at the current stage of the synthesis flow. Some Distributed RAMs may be reimplemented as non Distributed RAM primitives later in the synthesis flow. Multiple instantiated RAMs are reported only once.
---------------------------------------------------------------------------------
Finished ROM, RAM, DSP and Shift Register Reporting
---------------------------------------------------------------------------------

Report RTL Partitions: 
+-+--------------+------------+----------+
| |RTL Partition |Replication |Instances |
+-+--------------+------------+----------+
+-+--------------+------------+----------+
---------------------------------------------------------------------------------
Start Applying XDC Timing Constraints
---------------------------------------------------------------------------------
---------------------------------------------------------------------------------
Finished Applying XDC Timing Constraints : Time (s): cpu = 00:00:24 ; elapsed = 00:00:25 . Memory (MB): peak = 992.367 ; gain = 401.438
---------------------------------------------------------------------------------
---------------------------------------------------------------------------------
Start Timing Optimization
---------------------------------------------------------------------------------
---------------------------------------------------------------------------------
Finished Timing Optimization : Time (s): cpu = 00:00:27 ; elapsed = 00:00:27 . Memory (MB): peak = 1045.086 ; gain = 454.156
---------------------------------------------------------------------------------
---------------------------------------------------------------------------------
Start ROM, RAM, DSP and Shift Register Reporting
---------------------------------------------------------------------------------

Distributed RAM: Final Mapping	Report
+--------------------+----------------------------------+-----------+----------------------+--------------+
|Module Name         | RTL Object                       | Inference | Size (Depth x Width) | Primitives   | 
+--------------------+----------------------------------+-----------+----------------------+--------------+
|nexys_CYBERcobra_dz | dut/rf_riscv_instance/rf_mem_reg | Implied   | 32 x 32              | RAM32M x 12	 | 
+--------------------+----------------------------------+-----------+----------------------+--------------+

---------------------------------------------------------------------------------
Finished ROM, RAM, DSP and Shift Register Reporting
---------------------------------------------------------------------------------

Report RTL Partitions: 
+-+--------------+------------+----------+
| |RTL Partition |Replication |Instances |
+-+--------------+------------+----------+
+-+--------------+------------+----------+
---------------------------------------------------------------------------------
Start Technology Mapping
---------------------------------------------------------------------------------
---------------------------------------------------------------------------------
Finished Technology Mapping : Time (s): cpu = 00:00:27 ; elapsed = 00:00:27 . Memory (MB): peak = 1045.086 ; gain = 454.156
---------------------------------------------------------------------------------

Report RTL Partitions: 
+-+--------------+------------+----------+
| |RTL Partition |Replication |Instances |
+-+--------------+------------+----------+
+-+--------------+------------+----------+
---------------------------------------------------------------------------------
Start IO Insertion
---------------------------------------------------------------------------------
---------------------------------------------------------------------------------
Start Flattening Before IO Insertion
---------------------------------------------------------------------------------
---------------------------------------------------------------------------------
Finished Flattening Before IO Insertion
---------------------------------------------------------------------------------
---------------------------------------------------------------------------------
Start Final Netlist Cleanup
---------------------------------------------------------------------------------
---------------------------------------------------------------------------------
Finished Final Netlist Cleanup
---------------------------------------------------------------------------------
---------------------------------------------------------------------------------
Finished IO Insertion : Time (s): cpu = 00:00:31 ; elapsed = 00:00:31 . Memory (MB): peak = 1051.910 ; gain = 460.980
---------------------------------------------------------------------------------
---------------------------------------------------------------------------------
Start Renaming Generated Instances
---------------------------------------------------------------------------------
---------------------------------------------------------------------------------
Finished Renaming Generated Instances : Time (s): cpu = 00:00:31 ; elapsed = 00:00:31 . Memory (MB): peak = 1051.910 ; gain = 460.980
---------------------------------------------------------------------------------

Report RTL Partitions: 
+-+--------------+------------+----------+
| |RTL Partition |Replication |Instances |
+-+--------------+------------+----------+
+-+--------------+------------+----------+

Report Check Netlist: 
+------+------------------+-------+---------+-------+------------------+
|      |Item              |Errors |Warnings |Status |Description       |
+------+------------------+-------+---------+-------+------------------+
|1     |multi_driven_nets |      0|        0|Passed |Multi driven nets |
+------+------------------+-------+---------+-------+------------------+
---------------------------------------------------------------------------------
Start Rebuilding User Hierarchy
---------------------------------------------------------------------------------
---------------------------------------------------------------------------------
Finished Rebuilding User Hierarchy : Time (s): cpu = 00:00:31 ; elapsed = 00:00:31 . Memory (MB): peak = 1051.910 ; gain = 460.980
---------------------------------------------------------------------------------
---------------------------------------------------------------------------------
Start Renaming Generated Ports
---------------------------------------------------------------------------------
---------------------------------------------------------------------------------
Finished Renaming Generated Ports : Time (s): cpu = 00:00:31 ; elapsed = 00:00:31 . Memory (MB): peak = 1051.910 ; gain = 460.980
---------------------------------------------------------------------------------
---------------------------------------------------------------------------------
Start Handling Custom Attributes
---------------------------------------------------------------------------------
---------------------------------------------------------------------------------
Finished Handling Custom Attributes : Time (s): cpu = 00:00:31 ; elapsed = 00:00:31 . Memory (MB): peak = 1051.910 ; gain = 460.980
---------------------------------------------------------------------------------
---------------------------------------------------------------------------------
Start Renaming Generated Nets
---------------------------------------------------------------------------------
---------------------------------------------------------------------------------
Finished Renaming Generated Nets : Time (s): cpu = 00:00:31 ; elapsed = 00:00:31 . Memory (MB): peak = 1051.910 ; gain = 460.980
---------------------------------------------------------------------------------
---------------------------------------------------------------------------------
Start Writing Synthesis Report
---------------------------------------------------------------------------------

Report BlackBoxes: 
+-+--------------+----------+
| |BlackBox name |Instances |
+-+--------------+----------+
+-+--------------+----------+

Report Cell Usage: 
+------+-------+------+
|      |Cell   |Count |
+------+-------+------+
|1     |BUFG   |     2|
|2     |CARRY4 |    20|
|3     |LUT1   |     2|
|4     |LUT2   |   107|
|5     |LUT3   |    21|
|6     |LUT4   |   100|
|7     |LUT5   |    55|
|8     |LUT6   |   116|
|9     |RAM32M |    12|
|10    |FDRE   |    45|
|11    |FDSE   |    15|
|12    |IBUF   |    19|
|13    |OBUF   |    15|
+------+-------+------+

Report Instance Areas: 
+------+-----------------------+-----------+------+
|      |Instance               |Module     |Cells |
+------+-----------------------+-----------+------+
|1     |top                    |           |   529|
|2     |  dut                  |CYBERcobra |   438|
|3     |    PC_instance        |PC         |   193|
|4     |    alu_riscv_instance |alu_riscv  |    12|
|5     |    rf_riscv_instance  |rf_riscv   |   233|
+------+-----------------------+-----------+------+
---------------------------------------------------------------------------------
Finished Writing Synthesis Report : Time (s): cpu = 00:00:31 ; elapsed = 00:00:31 . Memory (MB): peak = 1051.910 ; gain = 460.980
---------------------------------------------------------------------------------
Synthesis finished with 0 errors, 0 critical warnings and 0 warnings.
Synthesis Optimization Runtime : Time (s): cpu = 00:00:23 ; elapsed = 00:00:29 . Memory (MB): peak = 1051.910 ; gain = 345.938
Synthesis Optimization Complete : Time (s): cpu = 00:00:31 ; elapsed = 00:00:31 . Memory (MB): peak = 1051.910 ; gain = 460.980
INFO: [Project 1-571] Translating synthesized netlist
Netlist sorting complete. Time (s): cpu = 00:00:00 ; elapsed = 00:00:00.015 . Memory (MB): peak = 1063.977 ; gain = 0.000
INFO: [Netlist 29-17] Analyzing 32 Unisim elements for replacement
INFO: [Netlist 29-28] Unisim Transformation completed in 0 CPU seconds
INFO: [Project 1-570] Preparing netlist for logic optimization
INFO: [Opt 31-138] Pushed 0 inverter(s) to 0 load pin(s).
Netlist sorting complete. Time (s): cpu = 00:00:00 ; elapsed = 00:00:00 . Memory (MB): peak = 1063.977 ; gain = 0.000
INFO: [Project 1-111] Unisim Transformation Summary:
  A total of 12 instances were transformed.
  RAM32M => RAM32M (RAMD32(x6), RAMS32(x2)): 12 instances

INFO: [Common 17-83] Releasing license: Synthesis
38 Infos, 29 Warnings, 17 Critical Warnings and 0 Errors encountered.
synth_design completed successfully
synth_design: Time (s): cpu = 00:00:35 ; elapsed = 00:00:37 . Memory (MB): peak = 1063.977 ; gain = 760.867
Netlist sorting complete. Time (s): cpu = 00:00:00 ; elapsed = 00:00:00 . Memory (MB): peak = 1063.977 ; gain = 0.000
WARNING: [Constraints 18-5210] No constraints selected for write.
Resolution: This message can indicate that there are no constraints for the design, or it can indicate that the used_in flags are set such that the constraints are ignored. This later case is used when running synth_design to not write synthesis constraints to the resulting checkpoint. Instead, project constraints are read when the synthesized design is opened.
INFO: [Common 17-1381] The checkpoint 'C:/Users/8211600/Desktop/APS/RISC-V_SNA/trunk/project/RISC-V_SNA.runs/synth_2/nexys_CYBERcobra_dz.dcp' has been generated.
INFO: [runtcl-4] Executing : report_utilization -file nexys_CYBERcobra_dz_utilization_synth.rpt -pb nexys_CYBERcobra_dz_utilization_synth.pb
INFO: [Common 17-206] Exiting Vivado at Tue Oct 24 20:59:47 2023...
