#-----------------------------------------------------------
# Vivado v2019.2 (64-bit)
# SW Build 2708876 on Wed Nov  6 21:40:23 MST 2019
# IP Build 2700528 on Thu Nov  7 00:09:20 MST 2019
# Start of session at: Fri Sep 22 22:54:42 2023
# Process ID: 2848
# Current directory: D:/MIET/8211600/APS/ALU_SNA
# Command line: vivado.exe -gui_launcher_event rodinguilauncherevent9856 D:\MIET\8211600\APS\ALU_SNA\ALU_SNA.xpr
# Log file: D:/MIET/8211600/APS/ALU_SNA/vivado.log
# Journal file: D:/MIET/8211600/APS/ALU_SNA\vivado.jou
#-----------------------------------------------------------
start_gui
open_project D:/MIET/8211600/APS/ALU_SNA/ALU_SNA.xpr
INFO: [Project 1-313] Project file moved from 'D:/MIET/APS/ALU_SNA' since last save.
Scanning sources...
Finished scanning sources
INFO: [IP_Flow 19-234] Refreshing IP repositories
INFO: [IP_Flow 19-1704] No user IP repositories specified
INFO: [IP_Flow 19-2313] Loaded Vivado IP repository 'D:/Vivado/Vivado/2019.2/data/ip'.
open_project: Time (s): cpu = 00:00:11 ; elapsed = 00:00:17 . Memory (MB): peak = 637.660 ; gain = 57.938
update_compile_order -fileset sources_1
exit
INFO: [Common 17-206] Exiting Vivado at Fri Sep 22 22:57:26 2023...
