Copyright 1986-2019 Xilinx, Inc. All Rights Reserved.
------------------------------------------------------------------------------------------------
| Tool Version : Vivado v.2019.2 (win64) Build 2708876 Wed Nov  6 21:40:23 MST 2019
| Date         : Tue Oct 24 21:00:21 2023
| Host         : a4217-13 running 64-bit major release  (build 9200)
| Command      : report_control_sets -verbose -file nexys_CYBERcobra_dz_control_sets_placed.rpt
| Design       : nexys_CYBERcobra_dz
| Device       : xc7a100t
------------------------------------------------------------------------------------------------

Control Set Information

Table of Contents
-----------------
1. Summary
2. Histogram
3. Flip-Flop Distribution
4. Detailed Control Set Information

1. Summary
----------

+----------------------------------------------------------+-------+
|                          Status                          | Count |
+----------------------------------------------------------+-------+
| Total control sets                                       |     7 |
|    Minimum number of control sets                        |     7 |
|    Addition due to synthesis replication                 |     0 |
|    Addition due to physical synthesis replication        |     0 |
| Unused register locations in slices containing registers |    22 |
+----------------------------------------------------------+-------+
* Control sets can be merged at opt_design using control_set_merge or merge_equivalent_drivers
** Run report_qor_suggestions for automated merging and remapping suggestions


2. Histogram
------------

+--------------------+-------+
|       Fanout       | Count |
+--------------------+-------+
| Total control sets |     7 |
| >= 0 to < 4        |     1 |
| >= 4 to < 6        |     1 |
| >= 6 to < 8        |     1 |
| >= 8 to < 10       |     0 |
| >= 10 to < 12      |     1 |
| >= 12 to < 14      |     0 |
| >= 14 to < 16      |     1 |
| >= 16              |     2 |
+--------------------+-------+
* Control sets can be remapped at either synth_design or opt_design


3. Flip-Flop Distribution
-------------------------

+--------------+-----------------------+------------------------+-----------------+--------------+
| Clock Enable | Synchronous Set/Reset | Asynchronous Set/Reset | Total Registers | Total Slices |
+--------------+-----------------------+------------------------+-----------------+--------------+
| No           | No                    | No                     |               1 |            1 |
| No           | No                    | Yes                    |               0 |            0 |
| No           | Yes                   | No                     |              37 |           13 |
| Yes          | No                    | No                     |               4 |            2 |
| Yes          | No                    | Yes                    |               0 |            0 |
| Yes          | Yes                   | No                     |              24 |            7 |
+--------------+-----------------------+------------------------+-----------------+--------------+


4. Detailed Control Set Information
-----------------------------------

+-------------------+--------------------+-----------------------+------------------+----------------+
|    Clock Signal   |    Enable Signal   |    Set/Reset Signal   | Slice Load Count | Bel Load Count |
+-------------------+--------------------+-----------------------+------------------+----------------+
|  CLK100_IBUF_BUFG |                    |                       |                1 |              1 |
|  CLK100_IBUF_BUFG | semseg[3]_i_1_n_0  |                       |                2 |              4 |
|  CLK100_IBUF_BUFG |                    | dut/PC_instance/SR[0] |                2 |              7 |
|  CLK100_IBUF_BUFG | resetn_IBUF        | counter[9]_i_1_n_0    |                3 |             10 |
|  CLK100_IBUF_BUFG | ANreg[7]_i_1_n_0   | dut/PC_instance/SR[0] |                4 |             14 |
|  btn_BUFG         |                    | dut/PC_instance/SR[0] |               11 |             30 |
|  btn_BUFG         | dut/PC_instance/WE |                       |               12 |             96 |
+-------------------+--------------------+-----------------------+------------------+----------------+


